d:\visualstudioprojects\thrustvector\debug\vc120.pdb
d:\visualstudioprojects\thrustvector\debug\vc120.idb
d:\visualstudioprojects\thrustvector\debug\game.obj
d:\visualstudioprojects\thrustvector\debug\physobj.obj
d:\visualstudioprojects\thrustvector\debug\main.obj
d:\visualstudioprojects\thrustvector\debug\camera.obj
d:\visualstudioprojects\thrustvector\debug\ship.obj
d:\visualstudioprojects\thrustvector\debug\forcegenerator.obj
d:\visualstudioprojects\thrustvector\debug\drawable.obj
d:\visualstudioprojects\thrustvector\debug\planet.obj
d:\visualstudioprojects\thrustvector\debug\planedrawable.obj
d:\visualstudioprojects\thrustvector\debug\wictextureloader.obj
d:\visualstudioprojects\thrustvector\debug\texturemanager.obj
d:\visualstudioprojects\thrustvector\debug\drawablelist.obj
d:\visualstudioprojects\thrustvector\debug\forcegenlist.obj
d:\visualstudioprojects\thrustvector\debug\hitboxlist.obj
d:\visualstudioprojects\thrustvector\debug\physobjlist.obj
d:\visualstudioprojects\thrustvector\debug\scene.obj
d:\visualstudioprojects\thrustvector\debug\thrustvector.ilk
d:\visualstudioprojects\thrustvector\debug\thrustvector.exe
d:\visualstudioprojects\thrustvector\debug\thrustvector.pdb
d:\visualstudioprojects\thrustvector\debug\tutorial03.res
d:\visualstudioprojects\thrustvector\debug\tutorial03.obj
d:\visualstudioprojects\thrustvector\debug\tutorial03.ilk
d:\visualstudioprojects\thrustvector\debug\tutorial03.pdb
d:\visualstudioprojects\thrustvector\debug\thrustvector.tlog\cl.command.1.tlog
d:\visualstudioprojects\thrustvector\debug\thrustvector.tlog\cl.read.1.tlog
d:\visualstudioprojects\thrustvector\debug\thrustvector.tlog\cl.write.1.tlog
d:\visualstudioprojects\thrustvector\debug\thrustvector.tlog\link.command.1.tlog
d:\visualstudioprojects\thrustvector\debug\thrustvector.tlog\link.read.1.tlog
d:\visualstudioprojects\thrustvector\debug\thrustvector.tlog\link.write.1.tlog
d:\visualstudioprojects\thrustvector\debug\thrustvector.tlog\rc.command.1.tlog
d:\visualstudioprojects\thrustvector\debug\thrustvector.tlog\rc.read.1.tlog
d:\visualstudioprojects\thrustvector\debug\thrustvector.tlog\rc.write.1.tlog
