Build started 7/25/2015 1:56:58 AM.
     1>Project "D:\VisualStudioProjects\ThrustVector\Tutorial03.vcxproj" on node 2 (Build target(s)).
     1>C:\Program Files (x86)\MSBuild\Microsoft.Cpp\v4.0\V120\Microsoft.CppBuild.targets(388,5): warning MSB8028: The intermediate directory (Debug\) contains files shared from another project (Tutorial03.vcxproj).  This can lead to incorrect clean and rebuild behavior.
     1>ClCompile:
         C:\Program Files (x86)\Microsoft Visual Studio 12.0\VC\bin\CL.exe /c /Zi /nologo /W3 /WX- /Od /Oy- /D WIN32 /D _DEBUG /D _WINDOWS /D UNICODE /D _MBCS /Gm /EHsc /RTC1 /MDd /GS /fp:precise /Zc:wchar_t /Zc:forScope /Fo"Debug\\" /Fd"Debug\vc120.pdb" /Gd /TP /analyze- /errorReport:prompt Game.cpp Main.cpp
         Game.cpp
     1>Game.cpp(122): warning C4305: 'argument' : truncation from 'double' to 'float'
         Generating Code...
         Skipping... (no relevant changes detected)
         Main.cpp
       Link:
         C:\Program Files (x86)\Microsoft Visual Studio 12.0\VC\bin\link.exe /ERRORREPORT:PROMPT /OUT:"D:\VisualStudioProjects\ThrustVector\Debug\ThrustVector.exe" /INCREMENTAL /NOLOGO d3d11.lib d3dcompiler.lib dxguid.lib winmm.lib comctl32.lib kernel32.lib user32.lib gdi32.lib winspool.lib comdlg32.lib advapi32.lib shell32.lib ole32.lib oleaut32.lib uuid.lib odbc32.lib odbccp32.lib /MANIFEST /MANIFESTUAC:"level='asInvoker' uiAccess='false'" /manifest:embed /DEBUG /PDB:"D:\VisualStudioProjects\ThrustVector\Debug\ThrustVector.pdb" /SUBSYSTEM:WINDOWS /TLBID:1 /DYNAMICBASE /NXCOMPAT /IMPLIB:"D:\VisualStudioProjects\ThrustVector\Debug\ThrustVector.lib" /MACHINE:X86 Debug\Tutorial03.res
         Debug\Camera.obj
         Debug\Game.obj
         Debug\PhysObj.obj
         Debug\Plane.obj
         Debug\Main.obj
         Tutorial03.vcxproj -> D:\VisualStudioProjects\ThrustVector\Debug\ThrustVector.exe
     1>Done Building Project "D:\VisualStudioProjects\ThrustVector\Tutorial03.vcxproj" (Build target(s)).

Build succeeded.

Time Elapsed 00:00:01.51
