c:\users\oleg\documents\visual studio 2013\projects\direct3d tutorial win32 sample\c++\tutorial03\debug\vc120.pdb
c:\users\oleg\documents\visual studio 2013\projects\direct3d tutorial win32 sample\c++\tutorial03\debug\vc120.idb
c:\users\oleg\documents\visual studio 2013\projects\direct3d tutorial win32 sample\c++\tutorial03\debug\tutorial03.obj
c:\users\oleg\documents\visual studio 2013\projects\direct3d tutorial win32 sample\c++\tutorial03\debug\plane.obj
c:\users\oleg\documents\visual studio 2013\projects\direct3d tutorial win32 sample\c++\tutorial03\debug\game.obj
c:\users\oleg\documents\visual studio 2013\projects\direct3d tutorial win32 sample\c++\debug\tutorial03_vs.cso
c:\users\oleg\documents\visual studio 2013\projects\direct3d tutorial win32 sample\c++\debug\tutorial03.ilk
c:\users\oleg\documents\visual studio 2013\projects\direct3d tutorial win32 sample\c++\debug\tutorial03.exe
c:\users\oleg\documents\visual studio 2013\projects\direct3d tutorial win32 sample\c++\debug\tutorial03.pdb
c:\users\oleg\documents\visual studio 2013\projects\direct3d tutorial win32 sample\c++\tutorial03\debug\tutorial03.res
c:\users\oleg\documents\visual studio 2013\projects\direct3d tutorial win32 sample\c++\debug\tutorial03.cso
c:\users\oleg\documents\visual studio 2013\projects\direct3d tutorial win32 sample\c++\debug\tutorial03_ps.cso
c:\users\oleg\documents\visual studio 2013\projects\direct3d tutorial win32 sample\c++\tutorial03\debug\tutorial03.pdb
c:\users\oleg\documents\visual studio 2013\projects\direct3d tutorial win32 sample\c++\tutorial03\debug\tutorial03.tlog\cl.command.1.tlog
c:\users\oleg\documents\visual studio 2013\projects\direct3d tutorial win32 sample\c++\tutorial03\debug\tutorial03.tlog\cl.read.1.tlog
c:\users\oleg\documents\visual studio 2013\projects\direct3d tutorial win32 sample\c++\tutorial03\debug\tutorial03.tlog\cl.write.1.tlog
c:\users\oleg\documents\visual studio 2013\projects\direct3d tutorial win32 sample\c++\tutorial03\debug\tutorial03.tlog\fxc.command.1.tlog
c:\users\oleg\documents\visual studio 2013\projects\direct3d tutorial win32 sample\c++\tutorial03\debug\tutorial03.tlog\fxc.read.1.tlog
c:\users\oleg\documents\visual studio 2013\projects\direct3d tutorial win32 sample\c++\tutorial03\debug\tutorial03.tlog\fxc.write.1.tlog
c:\users\oleg\documents\visual studio 2013\projects\direct3d tutorial win32 sample\c++\tutorial03\debug\tutorial03.tlog\link.command.1.tlog
c:\users\oleg\documents\visual studio 2013\projects\direct3d tutorial win32 sample\c++\tutorial03\debug\tutorial03.tlog\link.read.1.tlog
c:\users\oleg\documents\visual studio 2013\projects\direct3d tutorial win32 sample\c++\tutorial03\debug\tutorial03.tlog\link.write.1.tlog
c:\users\oleg\documents\visual studio 2013\projects\direct3d tutorial win32 sample\c++\tutorial03\debug\tutorial03.tlog\rc.command.1.tlog
c:\users\oleg\documents\visual studio 2013\projects\direct3d tutorial win32 sample\c++\tutorial03\debug\tutorial03.tlog\rc.read.1.tlog
c:\users\oleg\documents\visual studio 2013\projects\direct3d tutorial win32 sample\c++\tutorial03\debug\tutorial03.tlog\rc.write.1.tlog
c:\users\oleg\documents\visual studio 2013\projects\direct3d tutorial win32 sample\c++\tutorial03\debug\tutorial03.tlog\tutorial03.write.1u.tlog
