d:\visualstudioprojects\thrustvector\release\vc120.pdb
d:\visualstudioprojects\thrustvector\release\texturemanager.obj
d:\visualstudioprojects\thrustvector\release\ship.obj
d:\visualstudioprojects\thrustvector\release\scene.obj
d:\visualstudioprojects\thrustvector\release\planet.obj
d:\visualstudioprojects\thrustvector\release\planedrawable.obj
d:\visualstudioprojects\thrustvector\release\game.obj
d:\visualstudioprojects\thrustvector\release\collision.obj
d:\visualstudioprojects\thrustvector\release\camera.obj
d:\visualstudioprojects\thrustvector\release\wictextureloader.obj
d:\visualstudioprojects\thrustvector\release\main.obj
d:\visualstudioprojects\thrustvector\release\thrustvector.exe
d:\visualstudioprojects\thrustvector\release\thrustvector.pdb
d:\visualstudioprojects\thrustvector\release\tutorial03.res
d:\visualstudioprojects\thrustvector\release\thrustvector.tlog\cl.command.1.tlog
d:\visualstudioprojects\thrustvector\release\thrustvector.tlog\cl.read.1.tlog
d:\visualstudioprojects\thrustvector\release\thrustvector.tlog\cl.write.1.tlog
d:\visualstudioprojects\thrustvector\release\thrustvector.tlog\link.command.1.tlog
d:\visualstudioprojects\thrustvector\release\thrustvector.tlog\link.read.1.tlog
d:\visualstudioprojects\thrustvector\release\thrustvector.tlog\link.write.1.tlog
d:\visualstudioprojects\thrustvector\release\thrustvector.tlog\rc.command.1.tlog
d:\visualstudioprojects\thrustvector\release\thrustvector.tlog\rc.read.1.tlog
d:\visualstudioprojects\thrustvector\release\thrustvector.tlog\rc.write.1.tlog
